<?xml version="1.0" encoding="UTF-8"?>
<testng-results ignored="0" total="1" passed="1" failed="0" skipped="0">
  <reporter-output>
  </reporter-output>
  <suite started-at="2025-10-20T12:53:15 IST" name="Suite" finished-at="2025-10-20T12:53:41 IST" duration-ms="26036">
    <groups>
    </groups>
    <test started-at="2025-10-20T12:53:15 IST" name="Test" finished-at="2025-10-20T12:53:41 IST" duration-ms="26036">
      <class name="tests.LoginTest">
        <test-method is-config="true" signature="setUp()[pri:0, instance:tests.LoginTest@757277dc]" started-at="2025-10-20T12:53:15 IST" name="setUp" finished-at="2025-10-20T12:53:34 IST" duration-ms="19070" status="PASS">
          <reporter-output>
          </reporter-output>
        </test-method> <!-- setUp -->
        <test-method signature="invalidLoginTest()[pri:0, instance:tests.LoginTest@757277dc]" started-at="2025-10-20T12:53:34 IST" name="invalidLoginTest" finished-at="2025-10-20T12:53:38 IST" duration-ms="3537" status="PASS">
          <reporter-output>
          </reporter-output>
        </test-method> <!-- invalidLoginTest -->
        <test-method is-config="true" signature="tearDown()[pri:0, instance:tests.LoginTest@757277dc]" started-at="2025-10-20T12:53:38 IST" name="tearDown" finished-at="2025-10-20T12:53:41 IST" duration-ms="3358" status="PASS">
          <reporter-output>
          </reporter-output>
        </test-method> <!-- tearDown -->
      </class> <!-- tests.LoginTest -->
    </test> <!-- Test -->
  </suite> <!-- Suite -->
</testng-results>
